Using pre-set license
Built from '2020.3/staging' branch; Version is '2020.3.19f1 (68f137dc9bbe) revision 6877495'; Using compiler version '192528614'; Build Type 'Release'
OS: 'Windows 10 Education; OS build 22000.318; Version 2009; 64bit' Language: 'ko' Physical Memory: 16318 MB
BatchMode: 1, IsHumanControllingUs: 0, StartBugReporterOnCrash: 0, Is64bit: 1, IsPro: 0

COMMAND LINE ARGUMENTS:
C:\Program Files\Unity\Hub\Editor\2020.3.19f1\Editor\Unity.exe
-adb2
-batchMode
-noUpm
-name
AssetImportWorker0
-projectPath
C:/UNITY/Hexxagon
-logFile
Logs/AssetImportWorker0.log
-srvPort
9487
Successfully changed project path to: C:/UNITY/Hexxagon
C:/UNITY/Hexxagon
Using Asset Import Pipeline V2.
Refreshing native plugins compatible for Editor in 55.50 ms, found 3 plugins.
Preloading 0 native plugins for Editor in 0.00 ms.
Initialize engine version: 2020.3.19f1 (68f137dc9bbe)
[Subsystems] Discovering subsystems at path C:/Program Files/Unity/Hub/Editor/2020.3.19f1/Editor/Data/Resources/UnitySubsystems
[Subsystems] Discovering subsystems at path C:/UNITY/Hexxagon/Assets
GfxDevice: creating device client; threaded=0
Direct3D:
    Version:  Direct3D 11.0 [level 11.1]
    Renderer: NVIDIA GeForce RTX 2060 SUPER (ID=0x1f06)
    Vendor:   
    VRAM:     8031 MB
    Driver:   30.0.14.7212
Initialize mono
Mono path[0] = 'C:/Program Files/Unity/Hub/Editor/2020.3.19f1/Editor/Data/Managed'
Mono path[1] = 'C:/Program Files/Unity/Hub/Editor/2020.3.19f1/Editor/Data/MonoBleedingEdge/lib/mono/unityjit'
Mono config path = 'C:/Program Files/Unity/Hub/Editor/2020.3.19f1/Editor/Data/MonoBleedingEdge/etc'
Using monoOptions --debugger-agent=transport=dt_socket,embedding=1,server=y,suspend=n,address=127.0.0.1:56176
Begin MonoManager ReloadAssembly
Registering precompiled unity dll's ...
Register platform support module: C:/Program Files/Unity/Hub/Editor/2020.3.19f1/Editor/Data/PlaybackEngines/WindowsStandaloneSupport/UnityEditor.WindowsStandalone.Extensions.dll
Registered in 0.003410 seconds.
Native extension for WindowsStandalone target not found
Refreshing native plugins compatible for Editor in 42.33 ms, found 3 plugins.
Preloading 0 native plugins for Editor in 0.00 ms.
Mono: successfully reloaded assembly
- Completed reload, in  2.248 seconds
Domain Reload Profiling:
	ReloadAssembly (2248ms)
		BeginReloadAssembly (71ms)
			ExecutionOrderSort (0ms)
			DisableScriptedObjects (0ms)
			BackupInstance (0ms)
			ReleaseScriptingObjects (0ms)
			CreateAndSetChildDomain (1ms)
		EndReloadAssembly (424ms)
			LoadAssemblies (65ms)
			RebuildTransferFunctionScriptingTraits (0ms)
			SetupTypeCache (146ms)
			ReleaseScriptCaches (0ms)
			RebuildScriptCaches (27ms)
			SetupLoadedEditorAssemblies (166ms)
				LogAssemblyErrors (0ms)
				InitializePlatformSupportModulesInManaged (4ms)
				SetLoadedEditorAssemblies (0ms)
				RefreshPlugins (42ms)
				BeforeProcessingInitializeOnLoad (18ms)
				ProcessInitializeOnLoadAttributes (73ms)
				ProcessInitializeOnLoadMethodAttributes (28ms)
				AfterProcessingInitializeOnLoad (0ms)
				EditorAssembliesLoaded (0ms)
			ExecutionOrderSort2 (0ms)
			AwakeInstancesAfterBackupRestoration (0ms)
Platform modules already initialized, skipping
Registering precompiled user dll's ...
Registered in 0.005909 seconds.
Begin MonoManager ReloadAssembly
Native extension for WindowsStandalone target not found
Refreshing native plugins compatible for Editor in 45.04 ms, found 3 plugins.
Preloading 0 native plugins for Editor in 0.00 ms.
Mono: successfully reloaded assembly
- Completed reload, in  1.130 seconds
Domain Reload Profiling:
	ReloadAssembly (1131ms)
		BeginReloadAssembly (149ms)
			ExecutionOrderSort (0ms)
			DisableScriptedObjects (4ms)
			BackupInstance (0ms)
			ReleaseScriptingObjects (0ms)
			CreateAndSetChildDomain (17ms)
		EndReloadAssembly (910ms)
			LoadAssemblies (108ms)
			RebuildTransferFunctionScriptingTraits (0ms)
			SetupTypeCache (277ms)
			ReleaseScriptCaches (0ms)
			RebuildScriptCaches (46ms)
			SetupLoadedEditorAssemblies (366ms)
				LogAssemblyErrors (0ms)
				InitializePlatformSupportModulesInManaged (5ms)
				SetLoadedEditorAssemblies (0ms)
				RefreshPlugins (45ms)
				BeforeProcessingInitializeOnLoad (91ms)
				ProcessInitializeOnLoadAttributes (198ms)
				ProcessInitializeOnLoadMethodAttributes (13ms)
				AfterProcessingInitializeOnLoad (13ms)
				EditorAssembliesLoaded (0ms)
			ExecutionOrderSort2 (0ms)
			AwakeInstancesAfterBackupRestoration (6ms)
Platform modules already initialized, skipping
========================================================================
Worker process is ready to serve import requests
Launched and connected shader compiler UnityShaderCompiler.exe after 0.05 seconds
Refreshing native plugins compatible for Editor in 0.42 ms, found 3 plugins.
Preloading 0 native plugins for Editor in 0.00 ms.
Unloading 2103 Unused Serialized files (Serialized files now loaded: 0)
System memory in use before: 105.4 MB.
System memory in use after: 105.5 MB.

Unloading 26 unused Assets to reduce memory usage. Loaded Objects now: 2560.
Total: 4.141800 ms (FindLiveObjects: 0.850200 ms CreateObjectMapping: 0.094600 ms MarkObjects: 3.130100 ms  DeleteObjects: 0.065300 ms)

AssetImportParameters requested are different than current active one (requested -> active):
  custom:framework-win-MediaFoundation: 216162199b28c13a410421893ffa2e32 -> 
  custom:video-decoder-ogg-theora: a1e56fd34408186e4bbccfd4996cb3dc -> 
  custom:container-muxer-webm: aa71ff27fc2769a1b78a27578f13a17b -> 
  custom:container-demuxer-webm: 4f35f7cbe854078d1ac9338744f61a02 -> 
  custom:container-demuxer-ogg: 62fdf1f143b41e24485cea50d1cbac27 -> 
  custom:video-encoder-webm-vp8: eb34c28f22e8b96e1ab97ce403110664 -> 
  custom:video-decoder-webm-vp8: 9c59270c3fd7afecdb556c50c9e8de78 -> 
  custom:audio-decoder-ogg-vorbis: bf7c407c2cedff20999df2af8eb42d56 -> 
  custom:audio-encoder-webm-vorbis: bf7c407c2cedff20999df2af8eb42d56 -> 
========================================================================
Received Import Request.
  path: Assets/MainMenu/Mainobj_D.png
  artifactKey: Guid(10aecea78ab7bd646a452dcf1a947399) Importer(815301076,1909f56bfc062723c751e8b465ee728b)
Start importing Assets/MainMenu/Mainobj_D.png using Guid(10aecea78ab7bd646a452dcf1a947399) Importer(815301076,1909f56bfc062723c751e8b465ee728b)  -> (artifact id: 'c079974c1125995bfcc5e0540144b3dc') in 0.193565 seconds 
  Import took 0.197488 seconds .

========================================================================
Received Import Request.
  Time since last request: 0.000284 seconds.
  path: Assets/MainMenu/Mainobj_Y.png
  artifactKey: Guid(b700449fb363bc946a62d512689b3a3c) Importer(815301076,1909f56bfc062723c751e8b465ee728b)
Start importing Assets/MainMenu/Mainobj_Y.png using Guid(b700449fb363bc946a62d512689b3a3c) Importer(815301076,1909f56bfc062723c751e8b465ee728b)  -> (artifact id: '725ea876cb3ae1514c1b9b1b30becd93') in 0.112679 seconds 
  Import took 0.116278 seconds .

========================================================================
Received Import Request.
  Time since last request: 0.000161 seconds.
  path: Assets/MainMenu/Mainobj_N.png
  artifactKey: Guid(07bddc1c8ec76b648add800226baa4ff) Importer(815301076,1909f56bfc062723c751e8b465ee728b)
Start importing Assets/MainMenu/Mainobj_N.png using Guid(07bddc1c8ec76b648add800226baa4ff) Importer(815301076,1909f56bfc062723c751e8b465ee728b)  -> (artifact id: '94d15071872e500403bceae5b7acff4f') in 0.106744 seconds 
  Import took 0.109641 seconds .

========================================================================
Received Import Request.
  Time since last request: 0.000141 seconds.
  path: Assets/MainMenu/bg_test2.png
  artifactKey: Guid(4a2c85b8c0579be49a616b713407d455) Importer(815301076,1909f56bfc062723c751e8b465ee728b)
Start importing Assets/MainMenu/bg_test2.png using Guid(4a2c85b8c0579be49a616b713407d455) Importer(815301076,1909f56bfc062723c751e8b465ee728b)  -> (artifact id: '9a79e9dcdb73d698279c8f32f862ebad') in 0.040058 seconds 
  Import took 0.043028 seconds .

========================================================================
Received Import Request.
  Time since last request: 0.000153 seconds.
  path: Assets/MainMenu/triangel.png
  artifactKey: Guid(8fe5c15d976ff6c42a61ec29dbc61621) Importer(815301076,1909f56bfc062723c751e8b465ee728b)
Start importing Assets/MainMenu/triangel.png using Guid(8fe5c15d976ff6c42a61ec29dbc61621) Importer(815301076,1909f56bfc062723c751e8b465ee728b)  -> (artifact id: '66d24b1bb4baefac46c82746e477e3fe') in 0.018395 seconds 
  Import took 0.021133 seconds .

========================================================================
Received Import Request.
  Time since last request: 0.000140 seconds.
  path: Assets/MainMenu/bg.prefab
  artifactKey: Guid(2dbf2844d0e0038408ebf68fb4df2631) Importer(815301076,1909f56bfc062723c751e8b465ee728b)
Start importing Assets/MainMenu/bg.prefab using Guid(2dbf2844d0e0038408ebf68fb4df2631) Importer(815301076,1909f56bfc062723c751e8b465ee728b)  -> (artifact id: '1bc8eb99448ab27b3b68345202f38a8b') in 0.084208 seconds 
  Import took 0.087176 seconds .

========================================================================
Received Import Request.
  Time since last request: 0.000150 seconds.
  path: Assets/MainMenu/Title.png
  artifactKey: Guid(cb587aa78a4c7b8469d32a0d02ab4e01) Importer(815301076,1909f56bfc062723c751e8b465ee728b)
Start importing Assets/MainMenu/Title.png using Guid(cb587aa78a4c7b8469d32a0d02ab4e01) Importer(815301076,1909f56bfc062723c751e8b465ee728b)  -> (artifact id: 'e5ecaa749e387a31fdf73ce6e0448c5d') in 0.081739 seconds 
  Import took 0.084908 seconds .

========================================================================
Received Import Request.
  Time since last request: 0.000143 seconds.
  path: Assets/MainMenu/Setting_bg.png
  artifactKey: Guid(b6dcee0ec58c16a4badce93878fa49e9) Importer(815301076,1909f56bfc062723c751e8b465ee728b)
Start importing Assets/MainMenu/Setting_bg.png using Guid(b6dcee0ec58c16a4badce93878fa49e9) Importer(815301076,1909f56bfc062723c751e8b465ee728b)  -> (artifact id: '98e19c68df11a7c8034ef68e8a391031') in 0.022547 seconds 
  Import took 0.025589 seconds .

========================================================================
Received Import Request.
  Time since last request: 0.000165 seconds.
  path: Assets/MainMenu/bg_test.jpg
  artifactKey: Guid(06c2325a21ab0344d90c2c8bf4f97201) Importer(815301076,1909f56bfc062723c751e8b465ee728b)
Start importing Assets/MainMenu/bg_test.jpg using Guid(06c2325a21ab0344d90c2c8bf4f97201) Importer(815301076,1909f56bfc062723c751e8b465ee728b)  -> (artifact id: '66865bb5d50b226fa94f2ef1c04e17fd') in 0.022788 seconds 
  Import took 0.025717 seconds .

========================================================================
Received Import Request.
  Time since last request: 0.000175 seconds.
  path: Assets/MainMenu/Button_wide3.png
  artifactKey: Guid(2dd65655e5b382e439358540ec9a83dc) Importer(815301076,1909f56bfc062723c751e8b465ee728b)
Start importing Assets/MainMenu/Button_wide3.png using Guid(2dd65655e5b382e439358540ec9a83dc) Importer(815301076,1909f56bfc062723c751e8b465ee728b)  -> (artifact id: '10631285e99833e331cdcaa5060436ae') in 0.016095 seconds 
  Import took 0.019001 seconds .

========================================================================
Received Import Request.
  Time since last request: 0.000146 seconds.
  path: Assets/MainMenu/PostOfficer.prefab
  artifactKey: Guid(59bcc8952c337d6499ef1ad8e5690e8a) Importer(815301076,1909f56bfc062723c751e8b465ee728b)
Start importing Assets/MainMenu/PostOfficer.prefab using Guid(59bcc8952c337d6499ef1ad8e5690e8a) Importer(815301076,1909f56bfc062723c751e8b465ee728b)  -> (artifact id: 'e8a1ec6306a3972cf35d53e495ef71a1') in 0.009700 seconds 
  Import took 0.012418 seconds .

========================================================================
Received Import Request.
  Time since last request: 0.000168 seconds.
  path: Assets/MainMenu/Setting.png
  artifactKey: Guid(fc3a2834e037c644a9d0b3e7324e611d) Importer(815301076,1909f56bfc062723c751e8b465ee728b)
Start importing Assets/MainMenu/Setting.png using Guid(fc3a2834e037c644a9d0b3e7324e611d) Importer(815301076,1909f56bfc062723c751e8b465ee728b)  -> (artifact id: '524e9dd9b6bb6496ac847c582f4561c3') in 0.018562 seconds 
  Import took 0.023061 seconds .

========================================================================
Received Import Request.
  Time since last request: 0.000161 seconds.
  path: Assets/MainMenu/Shop.png
  artifactKey: Guid(963bc597a650b9b438e64054b29d91df) Importer(815301076,1909f56bfc062723c751e8b465ee728b)
Start importing Assets/MainMenu/Shop.png using Guid(963bc597a650b9b438e64054b29d91df) Importer(815301076,1909f56bfc062723c751e8b465ee728b)  -> (artifact id: '46ab588e70de53328d3bcd5b5eadc7ea') in 0.019038 seconds 
  Import took 0.021957 seconds .

========================================================================
Received Import Request.
  Time since last request: 0.000180 seconds.
  path: Assets/MainMenu/button_wide_ani.png
  artifactKey: Guid(57407906655810549a80326853aa67b1) Importer(815301076,1909f56bfc062723c751e8b465ee728b)
Start importing Assets/MainMenu/button_wide_ani.png using Guid(57407906655810549a80326853aa67b1) Importer(815301076,1909f56bfc062723c751e8b465ee728b)  -> (artifact id: '1ce0a908ce9a3091f9e4827f22edcc26') in 0.042229 seconds 
  Import took 0.045044 seconds .

========================================================================
Received Import Request.
  Time since last request: 0.000141 seconds.
  path: Assets/MainMenu/button_wide.png
  artifactKey: Guid(54b4d9130981d9642bd489d48688f25d) Importer(815301076,1909f56bfc062723c751e8b465ee728b)
Start importing Assets/MainMenu/button_wide.png using Guid(54b4d9130981d9642bd489d48688f25d) Importer(815301076,1909f56bfc062723c751e8b465ee728b)  -> (artifact id: 'ecb76da6f6f46e7844cd250db76fb59a') in 0.013999 seconds 
  Import took 0.016750 seconds .

========================================================================
Received Import Request.
  Time since last request: 0.000153 seconds.
  path: Assets/MainMenu/object_wide2.png
  artifactKey: Guid(be37f25978ed00b44b5a26a2f77f5dea) Importer(815301076,1909f56bfc062723c751e8b465ee728b)
Start importing Assets/MainMenu/object_wide2.png using Guid(be37f25978ed00b44b5a26a2f77f5dea) Importer(815301076,1909f56bfc062723c751e8b465ee728b)  -> (artifact id: '4ddc6c58278c5b23b00ccb9fa76ee545') in 0.015144 seconds 
  Import took 0.017909 seconds .

========================================================================
Received Import Request.
  Time since last request: 140.011824 seconds.
  path: Assets/MainMenu/Maincontroller.cs
  artifactKey: Guid(02874f26997015843bdd6d288f8b07a1) Importer(815301076,1909f56bfc062723c751e8b465ee728b)
Start importing Assets/MainMenu/Maincontroller.cs using Guid(02874f26997015843bdd6d288f8b07a1) Importer(815301076,1909f56bfc062723c751e8b465ee728b)  -> (artifact id: '2b686156856fbacc649a9727a3002930') in 0.049600 seconds 
  Import took 0.052889 seconds .

========================================================================
Received Prepare
Registering precompiled user dll's ...
Registered in 0.011121 seconds.
Begin MonoManager ReloadAssembly
Native extension for WindowsStandalone target not found
Refreshing native plugins compatible for Editor in 0.54 ms, found 3 plugins.
Preloading 0 native plugins for Editor in 0.00 ms.
Mono: successfully reloaded assembly
- Completed reload, in  1.164 seconds
Domain Reload Profiling:
	ReloadAssembly (1164ms)
		BeginReloadAssembly (144ms)
			ExecutionOrderSort (0ms)
			DisableScriptedObjects (5ms)
			BackupInstance (0ms)
			ReleaseScriptingObjects (0ms)
			CreateAndSetChildDomain (33ms)
		EndReloadAssembly (940ms)
			LoadAssemblies (139ms)
			RebuildTransferFunctionScriptingTraits (0ms)
			SetupTypeCache (283ms)
			ReleaseScriptCaches (1ms)
			RebuildScriptCaches (50ms)
			SetupLoadedEditorAssemblies (361ms)
				LogAssemblyErrors (0ms)
				InitializePlatformSupportModulesInManaged (7ms)
				SetLoadedEditorAssemblies (1ms)
				RefreshPlugins (1ms)
				BeforeProcessingInitializeOnLoad (119ms)
				ProcessInitializeOnLoadAttributes (213ms)
				ProcessInitializeOnLoadMethodAttributes (6ms)
				AfterProcessingInitializeOnLoad (15ms)
				EditorAssembliesLoaded (0ms)
			ExecutionOrderSort2 (0ms)
			AwakeInstancesAfterBackupRestoration (10ms)
Platform modules already initialized, skipping
Switching build target platform(19) subTarget(0) extendedPlatform(0) -> platform(13) subTarget(537395200) extendedPlatform(0)
Refreshing native plugins compatible for Editor in 0.67 ms, found 3 plugins.
Preloading 0 native plugins for Editor in 0.00 ms.
Unloading 2096 Unused Serialized files (Serialized files now loaded: 0)
System memory in use before: 107.9 MB.
System memory in use after: 108.0 MB.

Unloading 15 unused Assets to reduce memory usage. Loaded Objects now: 2588.
Total: 3.093300 ms (FindLiveObjects: 0.254000 ms CreateObjectMapping: 0.044700 ms MarkObjects: 2.777200 ms  DeleteObjects: 0.016300 ms)

AssetImportParameters requested are different than current active one (requested -> active):
  custom:framework-win-MediaFoundation: 216162199b28c13a410421893ffa2e32 -> 
  custom:video-decoder-ogg-theora: a1e56fd34408186e4bbccfd4996cb3dc -> 
  custom:container-muxer-webm: aa71ff27fc2769a1b78a27578f13a17b -> 
  custom:container-demuxer-webm: 4f35f7cbe854078d1ac9338744f61a02 -> 
  custom:container-demuxer-ogg: 62fdf1f143b41e24485cea50d1cbac27 -> 
  custom:video-encoder-webm-vp8: eb34c28f22e8b96e1ab97ce403110664 -> 
  custom:video-decoder-webm-vp8: 9c59270c3fd7afecdb556c50c9e8de78 -> 
  custom:graphics/normal-map-encoding: 01000000000000000000000000000000 -> 02000000000000000000000000000000
  custom:audio-decoder-ogg-vorbis: bf7c407c2cedff20999df2af8eb42d56 -> 
  custom:audio-encoder-webm-vorbis: bf7c407c2cedff20999df2af8eb42d56 -> 
========================================================================
Received Prepare
Registering precompiled user dll's ...
Registered in 0.006170 seconds.
Begin MonoManager ReloadAssembly
Native extension for WindowsStandalone target not found
Refreshing native plugins compatible for Editor in 0.46 ms, found 3 plugins.
Preloading 0 native plugins for Editor in 0.00 ms.
Mono: successfully reloaded assembly
- Completed reload, in  0.992 seconds
Domain Reload Profiling:
	ReloadAssembly (992ms)
		BeginReloadAssembly (128ms)
			ExecutionOrderSort (0ms)
			DisableScriptedObjects (6ms)
			BackupInstance (0ms)
			ReleaseScriptingObjects (0ms)
			CreateAndSetChildDomain (29ms)
		EndReloadAssembly (796ms)
			LoadAssemblies (105ms)
			RebuildTransferFunctionScriptingTraits (0ms)
			SetupTypeCache (248ms)
			ReleaseScriptCaches (1ms)
			RebuildScriptCaches (41ms)
			SetupLoadedEditorAssemblies (291ms)
				LogAssemblyErrors (0ms)
				InitializePlatformSupportModulesInManaged (5ms)
				SetLoadedEditorAssemblies (0ms)
				RefreshPlugins (1ms)
				BeforeProcessingInitializeOnLoad (91ms)
				ProcessInitializeOnLoadAttributes (177ms)
				ProcessInitializeOnLoadMethodAttributes (5ms)
				AfterProcessingInitializeOnLoad (12ms)
				EditorAssembliesLoaded (0ms)
			ExecutionOrderSort2 (0ms)
			AwakeInstancesAfterBackupRestoration (9ms)
Platform modules already initialized, skipping
Switching build target platform(19) subTarget(0) extendedPlatform(0) -> platform(13) subTarget(537395200) extendedPlatform(0)
Refreshing native plugins compatible for Editor in 0.44 ms, found 3 plugins.
Preloading 0 native plugins for Editor in 0.00 ms.
Unloading 2096 Unused Serialized files (Serialized files now loaded: 0)
System memory in use before: 108.0 MB.
System memory in use after: 108.1 MB.

Unloading 15 unused Assets to reduce memory usage. Loaded Objects now: 2590.
Total: 2.969100 ms (FindLiveObjects: 0.196100 ms CreateObjectMapping: 0.049600 ms MarkObjects: 2.705100 ms  DeleteObjects: 0.017500 ms)

AssetImportParameters requested are different than current active one (requested -> active):
  custom:framework-win-MediaFoundation: 216162199b28c13a410421893ffa2e32 -> 
  custom:video-decoder-ogg-theora: a1e56fd34408186e4bbccfd4996cb3dc -> 
  custom:container-muxer-webm: aa71ff27fc2769a1b78a27578f13a17b -> 
  custom:container-demuxer-webm: 4f35f7cbe854078d1ac9338744f61a02 -> 
  custom:container-demuxer-ogg: 62fdf1f143b41e24485cea50d1cbac27 -> 
  custom:video-encoder-webm-vp8: eb34c28f22e8b96e1ab97ce403110664 -> 
  custom:video-decoder-webm-vp8: 9c59270c3fd7afecdb556c50c9e8de78 -> 
  custom:graphics/normal-map-encoding: 01000000000000000000000000000000 -> 02000000000000000000000000000000
  custom:audio-decoder-ogg-vorbis: bf7c407c2cedff20999df2af8eb42d56 -> 
  custom:audio-encoder-webm-vorbis: bf7c407c2cedff20999df2af8eb42d56 -> 
AssetImportWorkerClient::OnTransportError - code=2 error=End of file
